2018-08-13T08:12:35.842Z - normal: Load ~/.CocosCreator/settings.json
2018-08-13T08:12:35.845Z - normal: checking language setting...
2018-08-13T08:12:35.846Z - normal: Language: zh
2018-08-13T08:12:36.435Z - success: protocol editor-framework registered
2018-08-13T08:12:36.435Z - success: protocol app registered
2018-08-13T08:12:36.436Z - success: protocol theme registered
2018-08-13T08:12:36.436Z - success: protocol packages registered
2018-08-13T08:12:36.436Z - success: protocol unpack registerred
2018-08-13T08:12:36.436Z - success: protocol disable-commonjs registerred
2018-08-13T08:12:36.620Z - normal: connected!
2018-08-13T08:12:36.622Z - normal: Check project /data/hall_develop/hall/Plugin
2018-08-13T08:12:36.625Z - normal: Initializing project /data/hall_develop/hall/Plugin
2018-08-13T08:12:36.629Z - normal: Initializing Cocos2d
2018-08-13T08:12:37.341Z - normal: Initializing Asset Database
2018-08-13T08:12:37.388Z - success: protocol uuid registerred
2018-08-13T08:12:37.388Z - success: protocol db registerred
2018-08-13T08:12:37.389Z - success: protocol thumbnail registerred
2018-08-13T08:12:37.389Z - normal: Loading editor/builtin packages
2018-08-13T08:12:37.558Z - success: assets loaded
2018-08-13T08:12:37.562Z - success: builder loaded
2018-08-13T08:12:37.565Z - success: cocos-analytics loaded
2018-08-13T08:12:37.570Z - success: console loaded
2018-08-13T08:12:37.604Z - success: fb-instant-games loaded
2018-08-13T08:12:37.610Z - success: hierarchy loaded
2018-08-13T08:12:37.615Z - success: inspector loaded
2018-08-13T08:12:37.617Z - success: keystore loaded
2018-08-13T08:12:37.623Z - success: node-library loaded
2018-08-13T08:12:37.625Z - success: package-asset loaded
2018-08-13T08:12:37.626Z - success: preferences loaded
2018-08-13T08:12:37.630Z - success: project-exporter loaded
2018-08-13T08:12:37.646Z - success: project-importer loaded
2018-08-13T08:12:37.649Z - success: project-settings loaded
2018-08-13T08:12:37.658Z - success: ui-kit loaded
2018-08-13T08:12:37.666Z - success: scene loaded
2018-08-13T08:12:37.669Z - success: sprite-editor loaded
2018-08-13T08:12:37.675Z - success: store loaded
2018-08-13T08:12:37.683Z - success: timeline loaded
2018-08-13T08:12:37.683Z - normal: Loading builtin packages
2018-08-13T08:12:37.695Z - success: asset-db-debugger loaded
2018-08-13T08:12:37.697Z - success: color-picker loaded
2018-08-13T08:12:37.699Z - success: jsb-adapter loaded
2018-08-13T08:12:37.704Z - success: package-manager loaded
2018-08-13T08:12:37.705Z - success: qqplay-adapter loaded
2018-08-13T08:12:37.722Z - success: sdkbox loaded
2018-08-13T08:12:37.732Z - success: tester loaded
2018-08-13T08:12:37.742Z - success: ui-grid loaded
2018-08-13T08:12:37.746Z - success: ui-kit-preview-extra loaded
2018-08-13T08:12:37.751Z - success: ui-kit-preview loaded
2018-08-13T08:12:37.756Z - success: ui-tree loaded
2018-08-13T08:12:37.758Z - success: weapp-adapter loaded
2018-08-13T08:12:38.913Z - normal: Loading packages
2018-08-13T08:12:38.927Z - success: forlua loaded
2018-08-13T08:12:38.927Z - normal: Watching packages
2018-08-13T08:12:39.000Z - normal: Run Application
2018-08-13T08:12:40.538Z - success: preview server running at http://localhost:7456
2018-08-13T08:24:14.686Z - info: shutdown preview server
